14:12:09 DEBUG : Logs will be stored at 'C:/DERDEJAAR/EOS/GAME/GameFullyWorking/IDE.log'.
14:12:13 INFO  : Launching XSCT server: xsct.bat -n  -interactive C:\DERDEJAAR\EOS\GAME\GameFullyWorking\temp_xsdb_launch_script.tcl
14:12:13 INFO  : Platform repository initialization has completed.
14:12:13 INFO  : Registering command handlers for Vitis TCF services
14:12:13 ERROR : (XSDB Server)'\gnu\microblaze\lin\bin\' is not recognized as an internal or external command,
operable program or batch file.

14:12:13 ERROR : (XSDB Server)'\gnu\microblaze\nt\bin\' is not recognized as an internal or external command,
operable program or batch file.

14:12:13 ERROR : (XSDB Server)'\gnuwin\bin\' is not recognized as an internal or external command,
operable program or batch file.

14:12:16 INFO  : XSCT server has started successfully.
14:12:16 INFO  : plnx-install-location is set to ''
14:12:16 INFO  : Successfully done setting XSCT server connection channel  
14:12:16 INFO  : Successfully done query RDI_DATADIR 
14:12:16 INFO  : Successfully done setting workspace for the tool. 
14:13:22 INFO  : Result from executing command 'getProjects': design_1_wrapper_T7
14:13:22 INFO  : Result from executing command 'getPlatforms': 
14:13:22 WARN  : An unexpected exception occurred in the module 'platform project logging'
14:13:23 INFO  : Platform 'design_1_wrapper_T7' is added to custom repositories.
14:13:32 INFO  : Platform 'design_1_wrapper_T7' is added to custom repositories.
14:15:25 INFO  : Result from executing command 'getProjects': design_1_wrapper_T7
14:15:25 INFO  : Result from executing command 'getPlatforms': design_1_wrapper_T7|C:/DERDEJAAR/EOS/GAME/GameFullyWorking/design_1_wrapper_T7/export/design_1_wrapper_T7/design_1_wrapper_T7.xpfm
14:15:25 INFO  : Checking for BSP changes to sync application flags for project 'GameDone'...
14:18:46 INFO  : Checking for BSP changes to sync application flags for project 'GameDone'...
14:23:35 INFO  : Checking for BSP changes to sync application flags for project 'GameDone'...
14:23:46 INFO  : Connected to target on host '127.0.0.1' and port '3121'.
14:23:46 INFO  : Jtag cable 'Xilinx HW-FTDI-TEST FT2232H 1234-tulA' is selected.
14:23:46 INFO  : 'jtag frequency' command is executed.
14:23:46 INFO  : Context for 'APU' is selected.
14:23:46 INFO  : System reset is completed.
14:23:49 INFO  : 'after 3000' command is executed.
14:23:50 INFO  : 'targets -set -filter {jtag_cable_name =~ "Xilinx HW-FTDI-TEST FT2232H 1234-tulA" && level==0 && jtag_device_ctx=="jsn-HW-FTDI-TEST FT2232H-1234-tulA-23727093-0"}' command is executed.
14:23:52 INFO  : Device configured successfully with "C:/DERDEJAAR/EOS/GAME/GameFullyWorking/GameDone/_ide/bitstream/design_1_wrapper_T7.bit"
14:23:52 INFO  : Context for 'APU' is selected.
14:23:52 INFO  : Hardware design and registers information is loaded from 'C:/DERDEJAAR/EOS/GAME/GameFullyWorking/design_1_wrapper_T7/export/design_1_wrapper_T7/hw/design_1_wrapper_T7.xsa'.
14:23:52 INFO  : 'configparams force-mem-access 1' command is executed.
14:23:52 INFO  : Context for 'APU' is selected.
14:23:52 INFO  : Sourcing of 'C:/DERDEJAAR/EOS/GAME/GameFullyWorking/GameDone/_ide/psinit/ps7_init.tcl' is done.
14:23:53 INFO  : 'ps7_init' command is executed.
14:23:53 INFO  : 'ps7_post_config' command is executed.
14:23:53 INFO  : Context for processor 'ps7_cortexa9_0' is selected.
14:23:54 INFO  : The application 'C:/DERDEJAAR/EOS/GAME/GameFullyWorking/GameDone/Debug/GameDone.elf' is downloaded to processor 'ps7_cortexa9_0'.
14:23:54 INFO  : 'configparams force-mem-access 0' command is executed.
14:23:54 INFO  : ----------------XSDB Script----------------
connect -url tcp:127.0.0.1:3121
targets -set -nocase -filter {name =~"APU*"}
rst -system
after 3000
targets -set -filter {jtag_cable_name =~ "Xilinx HW-FTDI-TEST FT2232H 1234-tulA" && level==0 && jtag_device_ctx=="jsn-HW-FTDI-TEST FT2232H-1234-tulA-23727093-0"}
fpga -file C:/DERDEJAAR/EOS/GAME/GameFullyWorking/GameDone/_ide/bitstream/design_1_wrapper_T7.bit
targets -set -nocase -filter {name =~"APU*"}
loadhw -hw C:/DERDEJAAR/EOS/GAME/GameFullyWorking/design_1_wrapper_T7/export/design_1_wrapper_T7/hw/design_1_wrapper_T7.xsa -mem-ranges [list {0x40000000 0xbfffffff}] -regs
configparams force-mem-access 1
targets -set -nocase -filter {name =~"APU*"}
source C:/DERDEJAAR/EOS/GAME/GameFullyWorking/GameDone/_ide/psinit/ps7_init.tcl
ps7_init
ps7_post_config
targets -set -nocase -filter {name =~ "*A9*#0"}
dow C:/DERDEJAAR/EOS/GAME/GameFullyWorking/GameDone/Debug/GameDone.elf
configparams force-mem-access 0
----------------End of Script----------------

14:23:54 INFO  : Context for processor 'ps7_cortexa9_0' is selected.
14:23:54 INFO  : 'con' command is executed.
14:23:54 INFO  : ----------------XSDB Script (After Launch)----------------
targets -set -nocase -filter {name =~ "*A9*#0"}
con
----------------End of Script----------------

14:23:54 INFO  : Launch script is exported to file 'C:\DERDEJAAR\EOS\GAME\GameFullyWorking\GameDone_system\_ide\scripts\debugger_gamedone-default.tcl'
14:28:18 INFO  : Disconnected from the channel tcfchan#2.
14:28:22 INFO  : Checking for BSP changes to sync application flags for project 'GameDone'...
14:28:26 INFO  : Connected to target on host '127.0.0.1' and port '3121'.
14:28:27 INFO  : Jtag cable 'Xilinx HW-FTDI-TEST FT2232H 1234-tulA' is selected.
14:28:27 INFO  : 'jtag frequency' command is executed.
14:28:27 INFO  : Context for 'APU' is selected.
14:28:27 INFO  : System reset is completed.
14:28:30 INFO  : 'after 3000' command is executed.
14:28:30 INFO  : 'targets -set -filter {jtag_cable_name =~ "Xilinx HW-FTDI-TEST FT2232H 1234-tulA" && level==0 && jtag_device_ctx=="jsn-HW-FTDI-TEST FT2232H-1234-tulA-23727093-0"}' command is executed.
14:28:32 INFO  : Device configured successfully with "C:/DERDEJAAR/EOS/GAME/GameFullyWorking/GameDone/_ide/bitstream/design_1_wrapper_T7.bit"
14:28:32 INFO  : Context for 'APU' is selected.
14:28:32 INFO  : Hardware design and registers information is loaded from 'C:/DERDEJAAR/EOS/GAME/GameFullyWorking/design_1_wrapper_T7/export/design_1_wrapper_T7/hw/design_1_wrapper_T7.xsa'.
14:28:32 INFO  : 'configparams force-mem-access 1' command is executed.
14:28:32 INFO  : Context for 'APU' is selected.
14:28:32 INFO  : Sourcing of 'C:/DERDEJAAR/EOS/GAME/GameFullyWorking/GameDone/_ide/psinit/ps7_init.tcl' is done.
14:28:33 INFO  : 'ps7_init' command is executed.
14:28:33 INFO  : 'ps7_post_config' command is executed.
14:28:33 INFO  : Context for processor 'ps7_cortexa9_0' is selected.
14:28:33 INFO  : The application 'C:/DERDEJAAR/EOS/GAME/GameFullyWorking/GameDone/Debug/GameDone.elf' is downloaded to processor 'ps7_cortexa9_0'.
14:28:33 INFO  : 'configparams force-mem-access 0' command is executed.
14:28:33 INFO  : ----------------XSDB Script----------------
connect -url tcp:127.0.0.1:3121
targets -set -nocase -filter {name =~"APU*"}
rst -system
after 3000
targets -set -filter {jtag_cable_name =~ "Xilinx HW-FTDI-TEST FT2232H 1234-tulA" && level==0 && jtag_device_ctx=="jsn-HW-FTDI-TEST FT2232H-1234-tulA-23727093-0"}
fpga -file C:/DERDEJAAR/EOS/GAME/GameFullyWorking/GameDone/_ide/bitstream/design_1_wrapper_T7.bit
targets -set -nocase -filter {name =~"APU*"}
loadhw -hw C:/DERDEJAAR/EOS/GAME/GameFullyWorking/design_1_wrapper_T7/export/design_1_wrapper_T7/hw/design_1_wrapper_T7.xsa -mem-ranges [list {0x40000000 0xbfffffff}] -regs
configparams force-mem-access 1
targets -set -nocase -filter {name =~"APU*"}
source C:/DERDEJAAR/EOS/GAME/GameFullyWorking/GameDone/_ide/psinit/ps7_init.tcl
ps7_init
ps7_post_config
targets -set -nocase -filter {name =~ "*A9*#0"}
dow C:/DERDEJAAR/EOS/GAME/GameFullyWorking/GameDone/Debug/GameDone.elf
configparams force-mem-access 0
----------------End of Script----------------

14:28:34 INFO  : Context for processor 'ps7_cortexa9_0' is selected.
14:28:34 INFO  : 'con' command is executed.
14:28:34 INFO  : ----------------XSDB Script (After Launch)----------------
targets -set -nocase -filter {name =~ "*A9*#0"}
con
----------------End of Script----------------

14:28:34 INFO  : Launch script is exported to file 'C:\DERDEJAAR\EOS\GAME\GameFullyWorking\GameDone_system\_ide\scripts\debugger_gamedone-default.tcl'
14:31:14 INFO  : Disconnected from the channel tcfchan#3.
14:31:17 INFO  : Checking for BSP changes to sync application flags for project 'GameDone'...
14:31:21 INFO  : Connected to target on host '127.0.0.1' and port '3121'.
14:31:22 INFO  : Jtag cable 'Xilinx HW-FTDI-TEST FT2232H 1234-tulA' is selected.
14:31:22 INFO  : 'jtag frequency' command is executed.
14:31:22 INFO  : Context for 'APU' is selected.
14:31:22 INFO  : System reset is completed.
14:31:25 INFO  : 'after 3000' command is executed.
14:31:25 INFO  : 'targets -set -filter {jtag_cable_name =~ "Xilinx HW-FTDI-TEST FT2232H 1234-tulA" && level==0 && jtag_device_ctx=="jsn-HW-FTDI-TEST FT2232H-1234-tulA-23727093-0"}' command is executed.
14:31:27 INFO  : Device configured successfully with "C:/DERDEJAAR/EOS/GAME/GameFullyWorking/GameDone/_ide/bitstream/design_1_wrapper_T7.bit"
14:31:27 INFO  : Context for 'APU' is selected.
14:31:27 INFO  : Hardware design and registers information is loaded from 'C:/DERDEJAAR/EOS/GAME/GameFullyWorking/design_1_wrapper_T7/export/design_1_wrapper_T7/hw/design_1_wrapper_T7.xsa'.
14:31:27 INFO  : 'configparams force-mem-access 1' command is executed.
14:31:27 INFO  : Context for 'APU' is selected.
14:31:27 INFO  : Sourcing of 'C:/DERDEJAAR/EOS/GAME/GameFullyWorking/GameDone/_ide/psinit/ps7_init.tcl' is done.
14:31:28 INFO  : 'ps7_init' command is executed.
14:31:28 INFO  : 'ps7_post_config' command is executed.
14:31:28 INFO  : Context for processor 'ps7_cortexa9_0' is selected.
14:31:29 INFO  : The application 'C:/DERDEJAAR/EOS/GAME/GameFullyWorking/GameDone/Debug/GameDone.elf' is downloaded to processor 'ps7_cortexa9_0'.
14:31:29 INFO  : 'configparams force-mem-access 0' command is executed.
14:31:29 INFO  : ----------------XSDB Script----------------
connect -url tcp:127.0.0.1:3121
targets -set -nocase -filter {name =~"APU*"}
rst -system
after 3000
targets -set -filter {jtag_cable_name =~ "Xilinx HW-FTDI-TEST FT2232H 1234-tulA" && level==0 && jtag_device_ctx=="jsn-HW-FTDI-TEST FT2232H-1234-tulA-23727093-0"}
fpga -file C:/DERDEJAAR/EOS/GAME/GameFullyWorking/GameDone/_ide/bitstream/design_1_wrapper_T7.bit
targets -set -nocase -filter {name =~"APU*"}
loadhw -hw C:/DERDEJAAR/EOS/GAME/GameFullyWorking/design_1_wrapper_T7/export/design_1_wrapper_T7/hw/design_1_wrapper_T7.xsa -mem-ranges [list {0x40000000 0xbfffffff}] -regs
configparams force-mem-access 1
targets -set -nocase -filter {name =~"APU*"}
source C:/DERDEJAAR/EOS/GAME/GameFullyWorking/GameDone/_ide/psinit/ps7_init.tcl
ps7_init
ps7_post_config
targets -set -nocase -filter {name =~ "*A9*#0"}
dow C:/DERDEJAAR/EOS/GAME/GameFullyWorking/GameDone/Debug/GameDone.elf
configparams force-mem-access 0
----------------End of Script----------------

14:31:29 INFO  : Context for processor 'ps7_cortexa9_0' is selected.
14:31:29 INFO  : 'con' command is executed.
14:31:29 INFO  : ----------------XSDB Script (After Launch)----------------
targets -set -nocase -filter {name =~ "*A9*#0"}
con
----------------End of Script----------------

14:31:29 INFO  : Launch script is exported to file 'C:\DERDEJAAR\EOS\GAME\GameFullyWorking\GameDone_system\_ide\scripts\debugger_gamedone-default.tcl'
14:32:51 INFO  : Disconnected from the channel tcfchan#4.
14:32:54 INFO  : Checking for BSP changes to sync application flags for project 'GameDone'...
14:32:59 INFO  : Connected to target on host '127.0.0.1' and port '3121'.
14:33:00 INFO  : Jtag cable 'Xilinx HW-FTDI-TEST FT2232H 1234-tulA' is selected.
14:33:00 INFO  : 'jtag frequency' command is executed.
14:33:00 INFO  : Context for 'APU' is selected.
14:33:00 INFO  : System reset is completed.
14:33:03 INFO  : 'after 3000' command is executed.
14:33:03 INFO  : 'targets -set -filter {jtag_cable_name =~ "Xilinx HW-FTDI-TEST FT2232H 1234-tulA" && level==0 && jtag_device_ctx=="jsn-HW-FTDI-TEST FT2232H-1234-tulA-23727093-0"}' command is executed.
14:33:05 INFO  : Device configured successfully with "C:/DERDEJAAR/EOS/GAME/GameFullyWorking/GameDone/_ide/bitstream/design_1_wrapper_T7.bit"
14:33:05 INFO  : Context for 'APU' is selected.
14:33:05 INFO  : Hardware design and registers information is loaded from 'C:/DERDEJAAR/EOS/GAME/GameFullyWorking/design_1_wrapper_T7/export/design_1_wrapper_T7/hw/design_1_wrapper_T7.xsa'.
14:33:05 INFO  : 'configparams force-mem-access 1' command is executed.
14:33:05 INFO  : Context for 'APU' is selected.
14:33:05 INFO  : Sourcing of 'C:/DERDEJAAR/EOS/GAME/GameFullyWorking/GameDone/_ide/psinit/ps7_init.tcl' is done.
14:33:06 INFO  : 'ps7_init' command is executed.
14:33:06 INFO  : 'ps7_post_config' command is executed.
14:33:06 INFO  : Context for processor 'ps7_cortexa9_0' is selected.
14:33:07 INFO  : The application 'C:/DERDEJAAR/EOS/GAME/GameFullyWorking/GameDone/Debug/GameDone.elf' is downloaded to processor 'ps7_cortexa9_0'.
14:33:07 INFO  : 'configparams force-mem-access 0' command is executed.
14:33:07 INFO  : ----------------XSDB Script----------------
connect -url tcp:127.0.0.1:3121
targets -set -nocase -filter {name =~"APU*"}
rst -system
after 3000
targets -set -filter {jtag_cable_name =~ "Xilinx HW-FTDI-TEST FT2232H 1234-tulA" && level==0 && jtag_device_ctx=="jsn-HW-FTDI-TEST FT2232H-1234-tulA-23727093-0"}
fpga -file C:/DERDEJAAR/EOS/GAME/GameFullyWorking/GameDone/_ide/bitstream/design_1_wrapper_T7.bit
targets -set -nocase -filter {name =~"APU*"}
loadhw -hw C:/DERDEJAAR/EOS/GAME/GameFullyWorking/design_1_wrapper_T7/export/design_1_wrapper_T7/hw/design_1_wrapper_T7.xsa -mem-ranges [list {0x40000000 0xbfffffff}] -regs
configparams force-mem-access 1
targets -set -nocase -filter {name =~"APU*"}
source C:/DERDEJAAR/EOS/GAME/GameFullyWorking/GameDone/_ide/psinit/ps7_init.tcl
ps7_init
ps7_post_config
targets -set -nocase -filter {name =~ "*A9*#0"}
dow C:/DERDEJAAR/EOS/GAME/GameFullyWorking/GameDone/Debug/GameDone.elf
configparams force-mem-access 0
----------------End of Script----------------

14:33:07 INFO  : Context for processor 'ps7_cortexa9_0' is selected.
14:33:07 INFO  : 'con' command is executed.
14:33:07 INFO  : ----------------XSDB Script (After Launch)----------------
targets -set -nocase -filter {name =~ "*A9*#0"}
con
----------------End of Script----------------

14:33:07 INFO  : Launch script is exported to file 'C:\DERDEJAAR\EOS\GAME\GameFullyWorking\GameDone_system\_ide\scripts\debugger_gamedone-default.tcl'
14:35:35 INFO  : Disconnected from the channel tcfchan#5.
14:35:38 INFO  : Checking for BSP changes to sync application flags for project 'GameDone'...
14:35:42 INFO  : Connected to target on host '127.0.0.1' and port '3121'.
14:35:43 INFO  : Jtag cable 'Xilinx HW-FTDI-TEST FT2232H 1234-tulA' is selected.
14:35:43 INFO  : 'jtag frequency' command is executed.
14:35:43 INFO  : Context for 'APU' is selected.
14:35:43 INFO  : System reset is completed.
14:35:46 INFO  : 'after 3000' command is executed.
14:35:46 INFO  : 'targets -set -filter {jtag_cable_name =~ "Xilinx HW-FTDI-TEST FT2232H 1234-tulA" && level==0 && jtag_device_ctx=="jsn-HW-FTDI-TEST FT2232H-1234-tulA-23727093-0"}' command is executed.
14:35:48 INFO  : Device configured successfully with "C:/DERDEJAAR/EOS/GAME/GameFullyWorking/GameDone/_ide/bitstream/design_1_wrapper_T7.bit"
14:35:48 INFO  : Context for 'APU' is selected.
14:35:48 INFO  : Hardware design and registers information is loaded from 'C:/DERDEJAAR/EOS/GAME/GameFullyWorking/design_1_wrapper_T7/export/design_1_wrapper_T7/hw/design_1_wrapper_T7.xsa'.
14:35:48 INFO  : 'configparams force-mem-access 1' command is executed.
14:35:48 INFO  : Context for 'APU' is selected.
14:35:48 INFO  : Sourcing of 'C:/DERDEJAAR/EOS/GAME/GameFullyWorking/GameDone/_ide/psinit/ps7_init.tcl' is done.
14:35:49 INFO  : 'ps7_init' command is executed.
14:35:49 INFO  : 'ps7_post_config' command is executed.
14:35:49 INFO  : Context for processor 'ps7_cortexa9_0' is selected.
14:35:50 INFO  : The application 'C:/DERDEJAAR/EOS/GAME/GameFullyWorking/GameDone/Debug/GameDone.elf' is downloaded to processor 'ps7_cortexa9_0'.
14:35:50 INFO  : 'configparams force-mem-access 0' command is executed.
14:35:50 INFO  : ----------------XSDB Script----------------
connect -url tcp:127.0.0.1:3121
targets -set -nocase -filter {name =~"APU*"}
rst -system
after 3000
targets -set -filter {jtag_cable_name =~ "Xilinx HW-FTDI-TEST FT2232H 1234-tulA" && level==0 && jtag_device_ctx=="jsn-HW-FTDI-TEST FT2232H-1234-tulA-23727093-0"}
fpga -file C:/DERDEJAAR/EOS/GAME/GameFullyWorking/GameDone/_ide/bitstream/design_1_wrapper_T7.bit
targets -set -nocase -filter {name =~"APU*"}
loadhw -hw C:/DERDEJAAR/EOS/GAME/GameFullyWorking/design_1_wrapper_T7/export/design_1_wrapper_T7/hw/design_1_wrapper_T7.xsa -mem-ranges [list {0x40000000 0xbfffffff}] -regs
configparams force-mem-access 1
targets -set -nocase -filter {name =~"APU*"}
source C:/DERDEJAAR/EOS/GAME/GameFullyWorking/GameDone/_ide/psinit/ps7_init.tcl
ps7_init
ps7_post_config
targets -set -nocase -filter {name =~ "*A9*#0"}
dow C:/DERDEJAAR/EOS/GAME/GameFullyWorking/GameDone/Debug/GameDone.elf
configparams force-mem-access 0
----------------End of Script----------------

14:35:50 INFO  : Context for processor 'ps7_cortexa9_0' is selected.
14:35:50 INFO  : 'con' command is executed.
14:35:50 INFO  : ----------------XSDB Script (After Launch)----------------
targets -set -nocase -filter {name =~ "*A9*#0"}
con
----------------End of Script----------------

14:35:50 INFO  : Launch script is exported to file 'C:\DERDEJAAR\EOS\GAME\GameFullyWorking\GameDone_system\_ide\scripts\debugger_gamedone-default.tcl'
14:36:53 INFO  : Disconnected from the channel tcfchan#6.
14:36:59 INFO  : Connected to target on host '127.0.0.1' and port '3121'.
14:37:00 INFO  : Jtag cable 'Xilinx HW-FTDI-TEST FT2232H 1234-tulA' is selected.
14:37:00 INFO  : 'jtag frequency' command is executed.
14:37:00 INFO  : Context for 'APU' is selected.
14:37:00 INFO  : System reset is completed.
14:37:03 INFO  : 'after 3000' command is executed.
14:37:03 INFO  : 'targets -set -filter {jtag_cable_name =~ "Xilinx HW-FTDI-TEST FT2232H 1234-tulA" && level==0 && jtag_device_ctx=="jsn-HW-FTDI-TEST FT2232H-1234-tulA-23727093-0"}' command is executed.
14:37:05 INFO  : Device configured successfully with "C:/DERDEJAAR/EOS/GAME/GameFullyWorking/GameDone/_ide/bitstream/design_1_wrapper_T7.bit"
14:37:05 INFO  : Context for 'APU' is selected.
14:37:05 INFO  : Hardware design and registers information is loaded from 'C:/DERDEJAAR/EOS/GAME/GameFullyWorking/design_1_wrapper_T7/export/design_1_wrapper_T7/hw/design_1_wrapper_T7.xsa'.
14:37:05 INFO  : 'configparams force-mem-access 1' command is executed.
14:37:05 INFO  : Context for 'APU' is selected.
14:37:05 INFO  : Sourcing of 'C:/DERDEJAAR/EOS/GAME/GameFullyWorking/GameDone/_ide/psinit/ps7_init.tcl' is done.
14:37:06 INFO  : 'ps7_init' command is executed.
14:37:06 INFO  : 'ps7_post_config' command is executed.
14:37:06 INFO  : Context for processor 'ps7_cortexa9_0' is selected.
14:37:06 INFO  : The application 'C:/DERDEJAAR/EOS/GAME/GameFullyWorking/GameDone/Debug/GameDone.elf' is downloaded to processor 'ps7_cortexa9_0'.
14:37:06 INFO  : 'configparams force-mem-access 0' command is executed.
14:37:06 INFO  : ----------------XSDB Script----------------
connect -url tcp:127.0.0.1:3121
targets -set -nocase -filter {name =~"APU*"}
rst -system
after 3000
targets -set -filter {jtag_cable_name =~ "Xilinx HW-FTDI-TEST FT2232H 1234-tulA" && level==0 && jtag_device_ctx=="jsn-HW-FTDI-TEST FT2232H-1234-tulA-23727093-0"}
fpga -file C:/DERDEJAAR/EOS/GAME/GameFullyWorking/GameDone/_ide/bitstream/design_1_wrapper_T7.bit
targets -set -nocase -filter {name =~"APU*"}
loadhw -hw C:/DERDEJAAR/EOS/GAME/GameFullyWorking/design_1_wrapper_T7/export/design_1_wrapper_T7/hw/design_1_wrapper_T7.xsa -mem-ranges [list {0x40000000 0xbfffffff}] -regs
configparams force-mem-access 1
targets -set -nocase -filter {name =~"APU*"}
source C:/DERDEJAAR/EOS/GAME/GameFullyWorking/GameDone/_ide/psinit/ps7_init.tcl
ps7_init
ps7_post_config
targets -set -nocase -filter {name =~ "*A9*#0"}
dow C:/DERDEJAAR/EOS/GAME/GameFullyWorking/GameDone/Debug/GameDone.elf
configparams force-mem-access 0
----------------End of Script----------------

14:37:07 INFO  : Context for processor 'ps7_cortexa9_0' is selected.
14:37:07 INFO  : 'con' command is executed.
14:37:07 INFO  : ----------------XSDB Script (After Launch)----------------
targets -set -nocase -filter {name =~ "*A9*#0"}
con
----------------End of Script----------------

14:37:07 INFO  : Launch script is exported to file 'C:\DERDEJAAR\EOS\GAME\GameFullyWorking\GameDone_system\_ide\scripts\debugger_gamedone-default.tcl'
14:38:05 INFO  : Disconnected from the channel tcfchan#7.
14:38:58 INFO  : Connected to target on host '127.0.0.1' and port '3121'.
14:38:58 INFO  : Jtag cable 'Xilinx HW-FTDI-TEST FT2232H 1234-tulA' is selected.
14:38:58 INFO  : 'jtag frequency' command is executed.
14:38:58 INFO  : Context for 'APU' is selected.
14:38:59 INFO  : System reset is completed.
14:39:02 INFO  : 'after 3000' command is executed.
14:39:02 INFO  : 'targets -set -filter {jtag_cable_name =~ "Xilinx HW-FTDI-TEST FT2232H 1234-tulA" && level==0 && jtag_device_ctx=="jsn-HW-FTDI-TEST FT2232H-1234-tulA-23727093-0"}' command is executed.
14:39:04 INFO  : Device configured successfully with "C:/DERDEJAAR/EOS/GAME/GameFullyWorking/GameDone/_ide/bitstream/design_1_wrapper_T7.bit"
14:39:04 INFO  : Context for 'APU' is selected.
14:39:04 INFO  : Hardware design and registers information is loaded from 'C:/DERDEJAAR/EOS/GAME/GameFullyWorking/design_1_wrapper_T7/export/design_1_wrapper_T7/hw/design_1_wrapper_T7.xsa'.
14:39:04 INFO  : 'configparams force-mem-access 1' command is executed.
14:39:04 INFO  : Context for 'APU' is selected.
14:39:04 INFO  : Sourcing of 'C:/DERDEJAAR/EOS/GAME/GameFullyWorking/GameDone/_ide/psinit/ps7_init.tcl' is done.
14:39:05 INFO  : 'ps7_init' command is executed.
14:39:05 INFO  : 'ps7_post_config' command is executed.
14:39:05 INFO  : Context for processor 'ps7_cortexa9_0' is selected.
14:39:05 INFO  : The application 'C:/DERDEJAAR/EOS/GAME/GameFullyWorking/GameDone/Debug/GameDone.elf' is downloaded to processor 'ps7_cortexa9_0'.
14:39:06 INFO  : 'configparams force-mem-access 0' command is executed.
14:39:06 INFO  : ----------------XSDB Script----------------
connect -url tcp:127.0.0.1:3121
targets -set -nocase -filter {name =~"APU*"}
rst -system
after 3000
targets -set -filter {jtag_cable_name =~ "Xilinx HW-FTDI-TEST FT2232H 1234-tulA" && level==0 && jtag_device_ctx=="jsn-HW-FTDI-TEST FT2232H-1234-tulA-23727093-0"}
fpga -file C:/DERDEJAAR/EOS/GAME/GameFullyWorking/GameDone/_ide/bitstream/design_1_wrapper_T7.bit
targets -set -nocase -filter {name =~"APU*"}
loadhw -hw C:/DERDEJAAR/EOS/GAME/GameFullyWorking/design_1_wrapper_T7/export/design_1_wrapper_T7/hw/design_1_wrapper_T7.xsa -mem-ranges [list {0x40000000 0xbfffffff}] -regs
configparams force-mem-access 1
targets -set -nocase -filter {name =~"APU*"}
source C:/DERDEJAAR/EOS/GAME/GameFullyWorking/GameDone/_ide/psinit/ps7_init.tcl
ps7_init
ps7_post_config
targets -set -nocase -filter {name =~ "*A9*#0"}
dow C:/DERDEJAAR/EOS/GAME/GameFullyWorking/GameDone/Debug/GameDone.elf
configparams force-mem-access 0
----------------End of Script----------------

14:39:06 INFO  : Context for processor 'ps7_cortexa9_0' is selected.
14:39:06 INFO  : 'con' command is executed.
14:39:06 INFO  : ----------------XSDB Script (After Launch)----------------
targets -set -nocase -filter {name =~ "*A9*#0"}
con
----------------End of Script----------------

14:39:06 INFO  : Launch script is exported to file 'C:\DERDEJAAR\EOS\GAME\GameFullyWorking\GameDone_system\_ide\scripts\debugger_gamedone-default.tcl'
14:44:50 INFO  : Disconnected from the channel tcfchan#8.
14:44:56 INFO  : Connected to target on host '127.0.0.1' and port '3121'.
14:44:56 INFO  : Jtag cable 'Xilinx HW-FTDI-TEST FT2232H 1234-tulA' is selected.
14:44:56 INFO  : 'jtag frequency' command is executed.
14:44:56 INFO  : Context for 'APU' is selected.
14:44:56 INFO  : System reset is completed.
14:44:59 INFO  : 'after 3000' command is executed.
14:45:00 INFO  : 'targets -set -filter {jtag_cable_name =~ "Xilinx HW-FTDI-TEST FT2232H 1234-tulA" && level==0 && jtag_device_ctx=="jsn-HW-FTDI-TEST FT2232H-1234-tulA-23727093-0"}' command is executed.
14:45:02 INFO  : Device configured successfully with "C:/DERDEJAAR/EOS/GAME/GameFullyWorking/GameDone/_ide/bitstream/design_1_wrapper_T7.bit"
14:45:02 INFO  : Context for 'APU' is selected.
14:45:02 INFO  : Hardware design and registers information is loaded from 'C:/DERDEJAAR/EOS/GAME/GameFullyWorking/design_1_wrapper_T7/export/design_1_wrapper_T7/hw/design_1_wrapper_T7.xsa'.
14:45:02 INFO  : 'configparams force-mem-access 1' command is executed.
14:45:02 INFO  : Context for 'APU' is selected.
14:45:02 INFO  : Sourcing of 'C:/DERDEJAAR/EOS/GAME/GameFullyWorking/GameDone/_ide/psinit/ps7_init.tcl' is done.
14:45:02 INFO  : 'ps7_init' command is executed.
14:45:02 INFO  : 'ps7_post_config' command is executed.
14:45:02 INFO  : Context for processor 'ps7_cortexa9_0' is selected.
14:45:03 INFO  : The application 'C:/DERDEJAAR/EOS/GAME/GameFullyWorking/GameDone/Debug/GameDone.elf' is downloaded to processor 'ps7_cortexa9_0'.
14:45:03 INFO  : 'configparams force-mem-access 0' command is executed.
14:45:03 INFO  : ----------------XSDB Script----------------
connect -url tcp:127.0.0.1:3121
targets -set -nocase -filter {name =~"APU*"}
rst -system
after 3000
targets -set -filter {jtag_cable_name =~ "Xilinx HW-FTDI-TEST FT2232H 1234-tulA" && level==0 && jtag_device_ctx=="jsn-HW-FTDI-TEST FT2232H-1234-tulA-23727093-0"}
fpga -file C:/DERDEJAAR/EOS/GAME/GameFullyWorking/GameDone/_ide/bitstream/design_1_wrapper_T7.bit
targets -set -nocase -filter {name =~"APU*"}
loadhw -hw C:/DERDEJAAR/EOS/GAME/GameFullyWorking/design_1_wrapper_T7/export/design_1_wrapper_T7/hw/design_1_wrapper_T7.xsa -mem-ranges [list {0x40000000 0xbfffffff}] -regs
configparams force-mem-access 1
targets -set -nocase -filter {name =~"APU*"}
source C:/DERDEJAAR/EOS/GAME/GameFullyWorking/GameDone/_ide/psinit/ps7_init.tcl
ps7_init
ps7_post_config
targets -set -nocase -filter {name =~ "*A9*#0"}
dow C:/DERDEJAAR/EOS/GAME/GameFullyWorking/GameDone/Debug/GameDone.elf
configparams force-mem-access 0
----------------End of Script----------------

14:45:03 INFO  : Context for processor 'ps7_cortexa9_0' is selected.
14:45:03 INFO  : 'con' command is executed.
14:45:03 INFO  : ----------------XSDB Script (After Launch)----------------
targets -set -nocase -filter {name =~ "*A9*#0"}
con
----------------End of Script----------------

14:45:03 INFO  : Launch script is exported to file 'C:\DERDEJAAR\EOS\GAME\GameFullyWorking\GameDone_system\_ide\scripts\debugger_gamedone-default.tcl'
14:48:29 INFO  : Disconnected from the channel tcfchan#9.
14:48:38 INFO  : Connected to target on host '127.0.0.1' and port '3121'.
14:48:38 INFO  : Jtag cable 'Xilinx HW-FTDI-TEST FT2232H 1234-tulA' is selected.
14:48:38 INFO  : 'jtag frequency' command is executed.
14:48:38 INFO  : Context for 'APU' is selected.
14:48:38 INFO  : System reset is completed.
14:48:41 INFO  : 'after 3000' command is executed.
14:48:41 INFO  : 'targets -set -filter {jtag_cable_name =~ "Xilinx HW-FTDI-TEST FT2232H 1234-tulA" && level==0 && jtag_device_ctx=="jsn-HW-FTDI-TEST FT2232H-1234-tulA-23727093-0"}' command is executed.
14:48:44 INFO  : Device configured successfully with "C:/DERDEJAAR/EOS/GAME/GameFullyWorking/GameDone/_ide/bitstream/design_1_wrapper_T7.bit"
14:48:44 INFO  : Context for 'APU' is selected.
14:48:44 INFO  : Hardware design and registers information is loaded from 'C:/DERDEJAAR/EOS/GAME/GameFullyWorking/design_1_wrapper_T7/export/design_1_wrapper_T7/hw/design_1_wrapper_T7.xsa'.
14:48:44 INFO  : 'configparams force-mem-access 1' command is executed.
14:48:44 INFO  : Context for 'APU' is selected.
14:48:44 INFO  : Sourcing of 'C:/DERDEJAAR/EOS/GAME/GameFullyWorking/GameDone/_ide/psinit/ps7_init.tcl' is done.
14:48:44 INFO  : 'ps7_init' command is executed.
14:48:44 INFO  : 'ps7_post_config' command is executed.
14:48:44 INFO  : Context for processor 'ps7_cortexa9_0' is selected.
14:48:45 INFO  : The application 'C:/DERDEJAAR/EOS/GAME/GameFullyWorking/GameDone/Debug/GameDone.elf' is downloaded to processor 'ps7_cortexa9_0'.
14:48:45 INFO  : 'configparams force-mem-access 0' command is executed.
14:48:45 INFO  : ----------------XSDB Script----------------
connect -url tcp:127.0.0.1:3121
targets -set -nocase -filter {name =~"APU*"}
rst -system
after 3000
targets -set -filter {jtag_cable_name =~ "Xilinx HW-FTDI-TEST FT2232H 1234-tulA" && level==0 && jtag_device_ctx=="jsn-HW-FTDI-TEST FT2232H-1234-tulA-23727093-0"}
fpga -file C:/DERDEJAAR/EOS/GAME/GameFullyWorking/GameDone/_ide/bitstream/design_1_wrapper_T7.bit
targets -set -nocase -filter {name =~"APU*"}
loadhw -hw C:/DERDEJAAR/EOS/GAME/GameFullyWorking/design_1_wrapper_T7/export/design_1_wrapper_T7/hw/design_1_wrapper_T7.xsa -mem-ranges [list {0x40000000 0xbfffffff}] -regs
configparams force-mem-access 1
targets -set -nocase -filter {name =~"APU*"}
source C:/DERDEJAAR/EOS/GAME/GameFullyWorking/GameDone/_ide/psinit/ps7_init.tcl
ps7_init
ps7_post_config
targets -set -nocase -filter {name =~ "*A9*#0"}
dow C:/DERDEJAAR/EOS/GAME/GameFullyWorking/GameDone/Debug/GameDone.elf
configparams force-mem-access 0
----------------End of Script----------------

14:48:45 INFO  : Context for processor 'ps7_cortexa9_0' is selected.
14:48:45 INFO  : 'con' command is executed.
14:48:45 INFO  : ----------------XSDB Script (After Launch)----------------
targets -set -nocase -filter {name =~ "*A9*#0"}
con
----------------End of Script----------------

14:48:45 INFO  : Launch script is exported to file 'C:\DERDEJAAR\EOS\GAME\GameFullyWorking\GameDone_system\_ide\scripts\debugger_gamedone-default.tcl'
14:51:28 INFO  : Disconnected from the channel tcfchan#10.
14:51:33 INFO  : Connected to target on host '127.0.0.1' and port '3121'.
14:51:33 INFO  : Jtag cable 'Xilinx HW-FTDI-TEST FT2232H 1234-tulA' is selected.
14:51:33 INFO  : 'jtag frequency' command is executed.
14:51:33 INFO  : Context for 'APU' is selected.
14:51:33 INFO  : System reset is completed.
14:51:36 INFO  : 'after 3000' command is executed.
14:51:37 INFO  : 'targets -set -filter {jtag_cable_name =~ "Xilinx HW-FTDI-TEST FT2232H 1234-tulA" && level==0 && jtag_device_ctx=="jsn-HW-FTDI-TEST FT2232H-1234-tulA-23727093-0"}' command is executed.
14:51:39 INFO  : Device configured successfully with "C:/DERDEJAAR/EOS/GAME/GameFullyWorking/GameDone/_ide/bitstream/design_1_wrapper_T7.bit"
14:51:39 INFO  : Context for 'APU' is selected.
14:51:39 INFO  : Hardware design and registers information is loaded from 'C:/DERDEJAAR/EOS/GAME/GameFullyWorking/design_1_wrapper_T7/export/design_1_wrapper_T7/hw/design_1_wrapper_T7.xsa'.
14:51:39 INFO  : 'configparams force-mem-access 1' command is executed.
14:51:39 INFO  : Context for 'APU' is selected.
14:51:39 INFO  : Sourcing of 'C:/DERDEJAAR/EOS/GAME/GameFullyWorking/GameDone/_ide/psinit/ps7_init.tcl' is done.
14:51:39 INFO  : 'ps7_init' command is executed.
14:51:39 INFO  : 'ps7_post_config' command is executed.
14:51:40 INFO  : Context for processor 'ps7_cortexa9_0' is selected.
14:51:40 INFO  : The application 'C:/DERDEJAAR/EOS/GAME/GameFullyWorking/GameDone/Debug/GameDone.elf' is downloaded to processor 'ps7_cortexa9_0'.
14:51:40 INFO  : 'configparams force-mem-access 0' command is executed.
14:51:40 INFO  : ----------------XSDB Script----------------
connect -url tcp:127.0.0.1:3121
targets -set -nocase -filter {name =~"APU*"}
rst -system
after 3000
targets -set -filter {jtag_cable_name =~ "Xilinx HW-FTDI-TEST FT2232H 1234-tulA" && level==0 && jtag_device_ctx=="jsn-HW-FTDI-TEST FT2232H-1234-tulA-23727093-0"}
fpga -file C:/DERDEJAAR/EOS/GAME/GameFullyWorking/GameDone/_ide/bitstream/design_1_wrapper_T7.bit
targets -set -nocase -filter {name =~"APU*"}
loadhw -hw C:/DERDEJAAR/EOS/GAME/GameFullyWorking/design_1_wrapper_T7/export/design_1_wrapper_T7/hw/design_1_wrapper_T7.xsa -mem-ranges [list {0x40000000 0xbfffffff}] -regs
configparams force-mem-access 1
targets -set -nocase -filter {name =~"APU*"}
source C:/DERDEJAAR/EOS/GAME/GameFullyWorking/GameDone/_ide/psinit/ps7_init.tcl
ps7_init
ps7_post_config
targets -set -nocase -filter {name =~ "*A9*#0"}
dow C:/DERDEJAAR/EOS/GAME/GameFullyWorking/GameDone/Debug/GameDone.elf
configparams force-mem-access 0
----------------End of Script----------------

14:51:40 INFO  : Context for processor 'ps7_cortexa9_0' is selected.
14:51:40 INFO  : 'con' command is executed.
14:51:40 INFO  : ----------------XSDB Script (After Launch)----------------
targets -set -nocase -filter {name =~ "*A9*#0"}
con
----------------End of Script----------------

14:51:40 INFO  : Launch script is exported to file 'C:\DERDEJAAR\EOS\GAME\GameFullyWorking\GameDone_system\_ide\scripts\debugger_gamedone-default.tcl'
14:54:21 INFO  : Disconnected from the channel tcfchan#11.
14:54:24 INFO  : Connected to target on host '127.0.0.1' and port '3121'.
14:54:24 INFO  : Jtag cable 'Xilinx HW-FTDI-TEST FT2232H 1234-tulA' is selected.
14:54:24 INFO  : 'jtag frequency' command is executed.
14:54:24 INFO  : Context for 'APU' is selected.
14:54:24 INFO  : System reset is completed.
14:54:27 INFO  : 'after 3000' command is executed.
14:54:28 INFO  : 'targets -set -filter {jtag_cable_name =~ "Xilinx HW-FTDI-TEST FT2232H 1234-tulA" && level==0 && jtag_device_ctx=="jsn-HW-FTDI-TEST FT2232H-1234-tulA-23727093-0"}' command is executed.
14:54:30 INFO  : Device configured successfully with "C:/DERDEJAAR/EOS/GAME/GameFullyWorking/GameDone/_ide/bitstream/design_1_wrapper_T7.bit"
14:54:30 INFO  : Context for 'APU' is selected.
14:54:30 INFO  : Hardware design and registers information is loaded from 'C:/DERDEJAAR/EOS/GAME/GameFullyWorking/design_1_wrapper_T7/export/design_1_wrapper_T7/hw/design_1_wrapper_T7.xsa'.
14:54:30 INFO  : 'configparams force-mem-access 1' command is executed.
14:54:30 INFO  : Context for 'APU' is selected.
14:54:30 INFO  : Sourcing of 'C:/DERDEJAAR/EOS/GAME/GameFullyWorking/GameDone/_ide/psinit/ps7_init.tcl' is done.
14:54:31 INFO  : 'ps7_init' command is executed.
14:54:31 INFO  : 'ps7_post_config' command is executed.
14:54:31 INFO  : Context for processor 'ps7_cortexa9_0' is selected.
14:54:31 INFO  : The application 'C:/DERDEJAAR/EOS/GAME/GameFullyWorking/GameDone/Debug/GameDone.elf' is downloaded to processor 'ps7_cortexa9_0'.
14:54:31 INFO  : 'configparams force-mem-access 0' command is executed.
14:54:31 INFO  : ----------------XSDB Script----------------
connect -url tcp:127.0.0.1:3121
targets -set -nocase -filter {name =~"APU*"}
rst -system
after 3000
targets -set -filter {jtag_cable_name =~ "Xilinx HW-FTDI-TEST FT2232H 1234-tulA" && level==0 && jtag_device_ctx=="jsn-HW-FTDI-TEST FT2232H-1234-tulA-23727093-0"}
fpga -file C:/DERDEJAAR/EOS/GAME/GameFullyWorking/GameDone/_ide/bitstream/design_1_wrapper_T7.bit
targets -set -nocase -filter {name =~"APU*"}
loadhw -hw C:/DERDEJAAR/EOS/GAME/GameFullyWorking/design_1_wrapper_T7/export/design_1_wrapper_T7/hw/design_1_wrapper_T7.xsa -mem-ranges [list {0x40000000 0xbfffffff}] -regs
configparams force-mem-access 1
targets -set -nocase -filter {name =~"APU*"}
source C:/DERDEJAAR/EOS/GAME/GameFullyWorking/GameDone/_ide/psinit/ps7_init.tcl
ps7_init
ps7_post_config
targets -set -nocase -filter {name =~ "*A9*#0"}
dow C:/DERDEJAAR/EOS/GAME/GameFullyWorking/GameDone/Debug/GameDone.elf
configparams force-mem-access 0
----------------End of Script----------------

14:54:31 INFO  : Context for processor 'ps7_cortexa9_0' is selected.
14:54:31 INFO  : 'con' command is executed.
14:54:31 INFO  : ----------------XSDB Script (After Launch)----------------
targets -set -nocase -filter {name =~ "*A9*#0"}
con
----------------End of Script----------------

14:54:31 INFO  : Launch script is exported to file 'C:\DERDEJAAR\EOS\GAME\GameFullyWorking\GameDone_system\_ide\scripts\debugger_gamedone-default.tcl'
14:55:22 INFO  : Disconnected from the channel tcfchan#12.
14:55:32 INFO  : Connected to target on host '127.0.0.1' and port '3121'.
14:55:32 INFO  : Jtag cable 'Xilinx HW-FTDI-TEST FT2232H 1234-tulA' is selected.
14:55:32 INFO  : 'jtag frequency' command is executed.
14:55:32 INFO  : Context for 'APU' is selected.
14:55:33 INFO  : System reset is completed.
14:55:36 INFO  : 'after 3000' command is executed.
14:55:36 INFO  : 'targets -set -filter {jtag_cable_name =~ "Xilinx HW-FTDI-TEST FT2232H 1234-tulA" && level==0 && jtag_device_ctx=="jsn-HW-FTDI-TEST FT2232H-1234-tulA-23727093-0"}' command is executed.
14:55:38 INFO  : Device configured successfully with "C:/DERDEJAAR/EOS/GAME/GameFullyWorking/GameDone/_ide/bitstream/design_1_wrapper_T7.bit"
14:55:38 INFO  : Context for 'APU' is selected.
14:55:38 INFO  : Hardware design and registers information is loaded from 'C:/DERDEJAAR/EOS/GAME/GameFullyWorking/design_1_wrapper_T7/export/design_1_wrapper_T7/hw/design_1_wrapper_T7.xsa'.
14:55:38 INFO  : 'configparams force-mem-access 1' command is executed.
14:55:38 INFO  : Context for 'APU' is selected.
14:55:38 INFO  : Sourcing of 'C:/DERDEJAAR/EOS/GAME/GameFullyWorking/GameDone/_ide/psinit/ps7_init.tcl' is done.
14:55:38 INFO  : 'ps7_init' command is executed.
14:55:38 INFO  : 'ps7_post_config' command is executed.
14:55:39 INFO  : Context for processor 'ps7_cortexa9_0' is selected.
14:55:39 INFO  : The application 'C:/DERDEJAAR/EOS/GAME/GameFullyWorking/GameDone/Debug/GameDone.elf' is downloaded to processor 'ps7_cortexa9_0'.
14:55:39 INFO  : 'configparams force-mem-access 0' command is executed.
14:55:39 INFO  : ----------------XSDB Script----------------
connect -url tcp:127.0.0.1:3121
targets -set -nocase -filter {name =~"APU*"}
rst -system
after 3000
targets -set -filter {jtag_cable_name =~ "Xilinx HW-FTDI-TEST FT2232H 1234-tulA" && level==0 && jtag_device_ctx=="jsn-HW-FTDI-TEST FT2232H-1234-tulA-23727093-0"}
fpga -file C:/DERDEJAAR/EOS/GAME/GameFullyWorking/GameDone/_ide/bitstream/design_1_wrapper_T7.bit
targets -set -nocase -filter {name =~"APU*"}
loadhw -hw C:/DERDEJAAR/EOS/GAME/GameFullyWorking/design_1_wrapper_T7/export/design_1_wrapper_T7/hw/design_1_wrapper_T7.xsa -mem-ranges [list {0x40000000 0xbfffffff}] -regs
configparams force-mem-access 1
targets -set -nocase -filter {name =~"APU*"}
source C:/DERDEJAAR/EOS/GAME/GameFullyWorking/GameDone/_ide/psinit/ps7_init.tcl
ps7_init
ps7_post_config
targets -set -nocase -filter {name =~ "*A9*#0"}
dow C:/DERDEJAAR/EOS/GAME/GameFullyWorking/GameDone/Debug/GameDone.elf
configparams force-mem-access 0
----------------End of Script----------------

14:55:39 INFO  : Context for processor 'ps7_cortexa9_0' is selected.
14:55:39 INFO  : 'con' command is executed.
14:55:39 INFO  : ----------------XSDB Script (After Launch)----------------
targets -set -nocase -filter {name =~ "*A9*#0"}
con
----------------End of Script----------------

14:55:39 INFO  : Launch script is exported to file 'C:\DERDEJAAR\EOS\GAME\GameFullyWorking\GameDone_system\_ide\scripts\debugger_gamedone-default.tcl'
14:59:42 INFO  : Disconnected from the channel tcfchan#13.
14:59:49 INFO  : Connected to target on host '127.0.0.1' and port '3121'.
14:59:50 INFO  : Jtag cable 'Xilinx HW-FTDI-TEST FT2232H 1234-tulA' is selected.
14:59:50 INFO  : 'jtag frequency' command is executed.
14:59:50 INFO  : Context for 'APU' is selected.
14:59:50 INFO  : System reset is completed.
14:59:53 INFO  : 'after 3000' command is executed.
14:59:53 INFO  : 'targets -set -filter {jtag_cable_name =~ "Xilinx HW-FTDI-TEST FT2232H 1234-tulA" && level==0 && jtag_device_ctx=="jsn-HW-FTDI-TEST FT2232H-1234-tulA-23727093-0"}' command is executed.
14:59:55 INFO  : Device configured successfully with "C:/DERDEJAAR/EOS/GAME/GameFullyWorking/GameDone/_ide/bitstream/design_1_wrapper_T7.bit"
14:59:55 INFO  : Context for 'APU' is selected.
14:59:55 INFO  : Hardware design and registers information is loaded from 'C:/DERDEJAAR/EOS/GAME/GameFullyWorking/design_1_wrapper_T7/export/design_1_wrapper_T7/hw/design_1_wrapper_T7.xsa'.
14:59:55 INFO  : 'configparams force-mem-access 1' command is executed.
14:59:55 INFO  : Context for 'APU' is selected.
14:59:55 INFO  : Sourcing of 'C:/DERDEJAAR/EOS/GAME/GameFullyWorking/GameDone/_ide/psinit/ps7_init.tcl' is done.
14:59:56 INFO  : 'ps7_init' command is executed.
14:59:56 INFO  : 'ps7_post_config' command is executed.
14:59:56 INFO  : Context for processor 'ps7_cortexa9_0' is selected.
14:59:56 INFO  : The application 'C:/DERDEJAAR/EOS/GAME/GameFullyWorking/GameDone/Debug/GameDone.elf' is downloaded to processor 'ps7_cortexa9_0'.
14:59:56 INFO  : 'configparams force-mem-access 0' command is executed.
14:59:56 INFO  : ----------------XSDB Script----------------
connect -url tcp:127.0.0.1:3121
targets -set -nocase -filter {name =~"APU*"}
rst -system
after 3000
targets -set -filter {jtag_cable_name =~ "Xilinx HW-FTDI-TEST FT2232H 1234-tulA" && level==0 && jtag_device_ctx=="jsn-HW-FTDI-TEST FT2232H-1234-tulA-23727093-0"}
fpga -file C:/DERDEJAAR/EOS/GAME/GameFullyWorking/GameDone/_ide/bitstream/design_1_wrapper_T7.bit
targets -set -nocase -filter {name =~"APU*"}
loadhw -hw C:/DERDEJAAR/EOS/GAME/GameFullyWorking/design_1_wrapper_T7/export/design_1_wrapper_T7/hw/design_1_wrapper_T7.xsa -mem-ranges [list {0x40000000 0xbfffffff}] -regs
configparams force-mem-access 1
targets -set -nocase -filter {name =~"APU*"}
source C:/DERDEJAAR/EOS/GAME/GameFullyWorking/GameDone/_ide/psinit/ps7_init.tcl
ps7_init
ps7_post_config
targets -set -nocase -filter {name =~ "*A9*#0"}
dow C:/DERDEJAAR/EOS/GAME/GameFullyWorking/GameDone/Debug/GameDone.elf
configparams force-mem-access 0
----------------End of Script----------------

14:59:56 INFO  : Context for processor 'ps7_cortexa9_0' is selected.
14:59:56 INFO  : 'con' command is executed.
14:59:56 INFO  : ----------------XSDB Script (After Launch)----------------
targets -set -nocase -filter {name =~ "*A9*#0"}
con
----------------End of Script----------------

14:59:56 INFO  : Launch script is exported to file 'C:\DERDEJAAR\EOS\GAME\GameFullyWorking\GameDone_system\_ide\scripts\debugger_gamedone-default.tcl'
15:03:34 INFO  : Disconnected from the channel tcfchan#14.
